CRITICAL - 2022-09-18 16:18:47 --> Undefined variable: users
#0 C:\xampp\htdocs\smart-care\app\Views\apps-api-request-sent.php(51): CodeIgniter\Debug\Exceptions->errorHandler(8, 'Undefined varia...', 'C:\\xampp\\htdocs...', 51, Array)
#1 C:\xampp\htdocs\smart-care\vendor\codeigniter4\framework\system\View\View.php(210): include('C:\\xampp\\htdocs...')
#2 C:\xampp\htdocs\smart-care\vendor\codeigniter4\framework\system\View\View.php(213): CodeIgniter\View\View->CodeIgniter\View\{closure}()
#3 C:\xampp\htdocs\smart-care\vendor\codeigniter4\framework\system\Common.php(1089): CodeIgniter\View\View->render('apps-api-reques...', Array, true)
#4 C:\xampp\htdocs\smart-care\app\Controllers\Apps.php(124): view('apps-api-reques...', Array)
#5 C:\xampp\htdocs\smart-care\vendor\codeigniter4\framework\system\CodeIgniter.php(832): App\Controllers\Apps->show_api_request_sent()
#6 C:\xampp\htdocs\smart-care\vendor\codeigniter4\framework\system\CodeIgniter.php(419): CodeIgniter\CodeIgniter->runController(Object(App\Controllers\Apps))
#7 C:\xampp\htdocs\smart-care\vendor\codeigniter4\framework\system\CodeIgniter.php(326): CodeIgniter\CodeIgniter->handleRequest(NULL, Object(Config\Cache), false)
#8 C:\xampp\htdocs\smart-care\public\index.php(37): CodeIgniter\CodeIgniter->run()
#9 C:\xampp\htdocs\smart-care\vendor\codeigniter4\framework\system\Commands\Server\rewrite.php(43): require_once('C:\\xampp\\htdocs...')
#10 {main}
CRITICAL - 2022-09-18 18:03:38 --> Array to string conversion
#0 C:\xampp\htdocs\smart-care\app\Views\apps-api-request-sent.php(87): CodeIgniter\Debug\Exceptions->errorHandler(8, 'Array to string...', 'C:\\xampp\\htdocs...', 87, Array)
#1 C:\xampp\htdocs\smart-care\vendor\codeigniter4\framework\system\View\View.php(210): include('C:\\xampp\\htdocs...')
#2 C:\xampp\htdocs\smart-care\vendor\codeigniter4\framework\system\View\View.php(213): CodeIgniter\View\View->CodeIgniter\View\{closure}()
#3 C:\xampp\htdocs\smart-care\vendor\codeigniter4\framework\system\Common.php(1089): CodeIgniter\View\View->render('apps-api-reques...', Array, true)
#4 C:\xampp\htdocs\smart-care\app\Controllers\Apps.php(127): view('apps-api-reques...', Array)
#5 C:\xampp\htdocs\smart-care\vendor\codeigniter4\framework\system\CodeIgniter.php(832): App\Controllers\Apps->show_api_request_sent()
#6 C:\xampp\htdocs\smart-care\vendor\codeigniter4\framework\system\CodeIgniter.php(419): CodeIgniter\CodeIgniter->runController(Object(App\Controllers\Apps))
#7 C:\xampp\htdocs\smart-care\vendor\codeigniter4\framework\system\CodeIgniter.php(326): CodeIgniter\CodeIgniter->handleRequest(NULL, Object(Config\Cache), false)
#8 C:\xampp\htdocs\smart-care\public\index.php(37): CodeIgniter\CodeIgniter->run()
#9 C:\xampp\htdocs\smart-care\vendor\codeigniter4\framework\system\Commands\Server\rewrite.php(43): require_once('C:\\xampp\\htdocs...')
#10 {main}
CRITICAL - 2022-09-18 18:03:53 --> Object of class stdClass could not be converted to string
#0 C:\xampp\htdocs\smart-care\vendor\codeigniter4\framework\system\View\View.php(210): include()
#1 C:\xampp\htdocs\smart-care\vendor\codeigniter4\framework\system\View\View.php(213): CodeIgniter\View\View->CodeIgniter\View\{closure}()
#2 C:\xampp\htdocs\smart-care\vendor\codeigniter4\framework\system\Common.php(1089): CodeIgniter\View\View->render('apps-api-reques...', Array, true)
#3 C:\xampp\htdocs\smart-care\app\Controllers\Apps.php(127): view('apps-api-reques...', Array)
#4 C:\xampp\htdocs\smart-care\vendor\codeigniter4\framework\system\CodeIgniter.php(832): App\Controllers\Apps->show_api_request_sent()
#5 C:\xampp\htdocs\smart-care\vendor\codeigniter4\framework\system\CodeIgniter.php(419): CodeIgniter\CodeIgniter->runController(Object(App\Controllers\Apps))
#6 C:\xampp\htdocs\smart-care\vendor\codeigniter4\framework\system\CodeIgniter.php(326): CodeIgniter\CodeIgniter->handleRequest(NULL, Object(Config\Cache), false)
#7 C:\xampp\htdocs\smart-care\public\index.php(37): CodeIgniter\CodeIgniter->run()
#8 C:\xampp\htdocs\smart-care\vendor\codeigniter4\framework\system\Commands\Server\rewrite.php(43): require_once('C:\\xampp\\htdocs...')
#9 {main}
CRITICAL - 2022-09-18 18:04:58 --> Object of class stdClass could not be converted to string
#0 C:\xampp\htdocs\smart-care\vendor\codeigniter4\framework\system\View\View.php(210): include()
#1 C:\xampp\htdocs\smart-care\vendor\codeigniter4\framework\system\View\View.php(213): CodeIgniter\View\View->CodeIgniter\View\{closure}()
#2 C:\xampp\htdocs\smart-care\vendor\codeigniter4\framework\system\Common.php(1089): CodeIgniter\View\View->render('apps-api-reques...', Array, true)
#3 C:\xampp\htdocs\smart-care\app\Controllers\Apps.php(127): view('apps-api-reques...', Array)
#4 C:\xampp\htdocs\smart-care\vendor\codeigniter4\framework\system\CodeIgniter.php(832): App\Controllers\Apps->show_api_request_sent()
#5 C:\xampp\htdocs\smart-care\vendor\codeigniter4\framework\system\CodeIgniter.php(419): CodeIgniter\CodeIgniter->runController(Object(App\Controllers\Apps))
#6 C:\xampp\htdocs\smart-care\vendor\codeigniter4\framework\system\CodeIgniter.php(326): CodeIgniter\CodeIgniter->handleRequest(NULL, Object(Config\Cache), false)
#7 C:\xampp\htdocs\smart-care\public\index.php(37): CodeIgniter\CodeIgniter->run()
#8 C:\xampp\htdocs\smart-care\vendor\codeigniter4\framework\system\Commands\Server\rewrite.php(43): require_once('C:\\xampp\\htdocs...')
#9 {main}
CRITICAL - 2022-09-18 18:05:53 --> Object of class stdClass could not be converted to string
#0 C:\xampp\htdocs\smart-care\vendor\codeigniter4\framework\system\View\View.php(210): include()
#1 C:\xampp\htdocs\smart-care\vendor\codeigniter4\framework\system\View\View.php(213): CodeIgniter\View\View->CodeIgniter\View\{closure}()
#2 C:\xampp\htdocs\smart-care\vendor\codeigniter4\framework\system\Common.php(1089): CodeIgniter\View\View->render('apps-api-reques...', Array, true)
#3 C:\xampp\htdocs\smart-care\app\Controllers\Apps.php(127): view('apps-api-reques...', Array)
#4 C:\xampp\htdocs\smart-care\vendor\codeigniter4\framework\system\CodeIgniter.php(832): App\Controllers\Apps->show_api_request_sent()
#5 C:\xampp\htdocs\smart-care\vendor\codeigniter4\framework\system\CodeIgniter.php(419): CodeIgniter\CodeIgniter->runController(Object(App\Controllers\Apps))
#6 C:\xampp\htdocs\smart-care\vendor\codeigniter4\framework\system\CodeIgniter.php(326): CodeIgniter\CodeIgniter->handleRequest(NULL, Object(Config\Cache), false)
#7 C:\xampp\htdocs\smart-care\public\index.php(37): CodeIgniter\CodeIgniter->run()
#8 C:\xampp\htdocs\smart-care\vendor\codeigniter4\framework\system\Commands\Server\rewrite.php(43): require_once('C:\\xampp\\htdocs...')
#9 {main}
CRITICAL - 2022-09-18 18:38:43 -->  is not a valid rule.
#0 C:\xampp\htdocs\smart-care\vendor\codeigniter4\framework\system\Validation\Validation.php(300): CodeIgniter\Validation\Exceptions\ValidationException::forRuleNotFound('')
#1 C:\xampp\htdocs\smart-care\vendor\codeigniter4\framework\system\Validation\Validation.php(157): CodeIgniter\Validation\Validation->processRules('base_url', 'base_url', 'http://localhos...', Array, Array)
#2 C:\xampp\htdocs\smart-care\vendor\codeigniter4\framework\system\Controller.php(160): CodeIgniter\Validation\Validation->run()
#3 C:\xampp\htdocs\smart-care\app\Controllers\SetUp.php(94): CodeIgniter\Controller->validate(Array)
#4 C:\xampp\htdocs\smart-care\vendor\codeigniter4\framework\system\CodeIgniter.php(832): App\Controllers\SetUp->process_hospital_data()
#5 C:\xampp\htdocs\smart-care\vendor\codeigniter4\framework\system\CodeIgniter.php(419): CodeIgniter\CodeIgniter->runController(Object(App\Controllers\SetUp))
#6 C:\xampp\htdocs\smart-care\vendor\codeigniter4\framework\system\CodeIgniter.php(326): CodeIgniter\CodeIgniter->handleRequest(NULL, Object(Config\Cache), false)
#7 C:\xampp\htdocs\smart-care\public\index.php(37): CodeIgniter\CodeIgniter->run()
#8 C:\xampp\htdocs\smart-care\vendor\codeigniter4\framework\system\Commands\Server\rewrite.php(43): require_once('C:\\xampp\\htdocs...')
#9 {main}
