CRITICAL - 2022-07-01 02:24:12 --> Undefined property: stdClass::$username
#0 C:\xampp\htdocs\smart-care\app\Views\apps-simrs-credential.php(128): CodeIgniter\Debug\Exceptions->errorHandler(8, 'Undefined prope...', 'C:\\xampp\\htdocs...', 128, Array)
#1 C:\xampp\htdocs\smart-care\vendor\codeigniter4\framework\system\View\View.php(210): include('C:\\xampp\\htdocs...')
#2 C:\xampp\htdocs\smart-care\vendor\codeigniter4\framework\system\View\View.php(213): CodeIgniter\View\View->CodeIgniter\View\{closure}()
#3 C:\xampp\htdocs\smart-care\vendor\codeigniter4\framework\system\Common.php(1089): CodeIgniter\View\View->render('apps-simrs-cred...', Array, true)
#4 C:\xampp\htdocs\smart-care\app\Controllers\Apps.php(37): view('apps-simrs-cred...', Array)
#5 C:\xampp\htdocs\smart-care\vendor\codeigniter4\framework\system\CodeIgniter.php(832): App\Controllers\Apps->show_simrs_credential()
#6 C:\xampp\htdocs\smart-care\vendor\codeigniter4\framework\system\CodeIgniter.php(419): CodeIgniter\CodeIgniter->runController(Object(App\Controllers\Apps))
#7 C:\xampp\htdocs\smart-care\vendor\codeigniter4\framework\system\CodeIgniter.php(326): CodeIgniter\CodeIgniter->handleRequest(NULL, Object(Config\Cache), false)
#8 C:\xampp\htdocs\smart-care\public\index.php(37): CodeIgniter\CodeIgniter->run()
#9 C:\xampp\htdocs\smart-care\vendor\codeigniter4\framework\system\Commands\Server\rewrite.php(43): require_once('C:\\xampp\\htdocs...')
#10 {main}
CRITICAL - 2022-07-01 02:25:41 --> Undefined property: stdClass::$username
#0 C:\xampp\htdocs\smart-care\app\Views\apps-simrs-credential.php(123): CodeIgniter\Debug\Exceptions->errorHandler(8, 'Undefined prope...', 'C:\\xampp\\htdocs...', 123, Array)
#1 C:\xampp\htdocs\smart-care\vendor\codeigniter4\framework\system\View\View.php(210): include('C:\\xampp\\htdocs...')
#2 C:\xampp\htdocs\smart-care\vendor\codeigniter4\framework\system\View\View.php(213): CodeIgniter\View\View->CodeIgniter\View\{closure}()
#3 C:\xampp\htdocs\smart-care\vendor\codeigniter4\framework\system\Common.php(1089): CodeIgniter\View\View->render('apps-simrs-cred...', Array, true)
#4 C:\xampp\htdocs\smart-care\app\Controllers\Apps.php(37): view('apps-simrs-cred...', Array)
#5 C:\xampp\htdocs\smart-care\vendor\codeigniter4\framework\system\CodeIgniter.php(832): App\Controllers\Apps->show_simrs_credential()
#6 C:\xampp\htdocs\smart-care\vendor\codeigniter4\framework\system\CodeIgniter.php(419): CodeIgniter\CodeIgniter->runController(Object(App\Controllers\Apps))
#7 C:\xampp\htdocs\smart-care\vendor\codeigniter4\framework\system\CodeIgniter.php(326): CodeIgniter\CodeIgniter->handleRequest(NULL, Object(Config\Cache), false)
#8 C:\xampp\htdocs\smart-care\public\index.php(37): CodeIgniter\CodeIgniter->run()
#9 C:\xampp\htdocs\smart-care\vendor\codeigniter4\framework\system\Commands\Server\rewrite.php(43): require_once('C:\\xampp\\htdocs...')
#10 {main}
CRITICAL - 2022-07-01 02:42:26 --> Undefined variable: validation
#0 C:\xampp\htdocs\smart-care\app\Views\apps-simrs-credential.php(119): CodeIgniter\Debug\Exceptions->errorHandler(8, 'Undefined varia...', 'C:\\xampp\\htdocs...', 119, Array)
#1 C:\xampp\htdocs\smart-care\vendor\codeigniter4\framework\system\View\View.php(210): include('C:\\xampp\\htdocs...')
#2 C:\xampp\htdocs\smart-care\vendor\codeigniter4\framework\system\View\View.php(213): CodeIgniter\View\View->CodeIgniter\View\{closure}()
#3 C:\xampp\htdocs\smart-care\vendor\codeigniter4\framework\system\Common.php(1089): CodeIgniter\View\View->render('apps-simrs-cred...', Array, true)
#4 C:\xampp\htdocs\smart-care\app\Controllers\Apps.php(37): view('apps-simrs-cred...', Array)
#5 C:\xampp\htdocs\smart-care\vendor\codeigniter4\framework\system\CodeIgniter.php(832): App\Controllers\Apps->show_simrs_credential()
#6 C:\xampp\htdocs\smart-care\vendor\codeigniter4\framework\system\CodeIgniter.php(419): CodeIgniter\CodeIgniter->runController(Object(App\Controllers\Apps))
#7 C:\xampp\htdocs\smart-care\vendor\codeigniter4\framework\system\CodeIgniter.php(326): CodeIgniter\CodeIgniter->handleRequest(NULL, Object(Config\Cache), false)
#8 C:\xampp\htdocs\smart-care\public\index.php(37): CodeIgniter\CodeIgniter->run()
#9 C:\xampp\htdocs\smart-care\vendor\codeigniter4\framework\system\Commands\Server\rewrite.php(43): require_once('C:\\xampp\\htdocs...')
#10 {main}
