CRITICAL - 2022-06-28 00:35:36 -->  route cannot be found while reverse-routing.
#0 C:\xampp\htdocs\smart-care\vendor\codeigniter4\framework\system\HTTP\RedirectResponse.php(56): CodeIgniter\HTTP\Exceptions\HTTPException::forInvalidRedirectRoute('')
#1 C:\xampp\htdocs\smart-care\vendor\codeigniter4\framework\system\Common.php(832): CodeIgniter\HTTP\RedirectResponse->route(false)
#2 C:\xampp\htdocs\smart-care\app\Controllers\SetUp.php(176): redirect('http://localhos...')
#3 C:\xampp\htdocs\smart-care\vendor\codeigniter4\framework\system\CodeIgniter.php(832): App\Controllers\SetUp->show_credentials()
#4 C:\xampp\htdocs\smart-care\vendor\codeigniter4\framework\system\CodeIgniter.php(419): CodeIgniter\CodeIgniter->runController(Object(App\Controllers\SetUp))
#5 C:\xampp\htdocs\smart-care\vendor\codeigniter4\framework\system\CodeIgniter.php(326): CodeIgniter\CodeIgniter->handleRequest(NULL, Object(Config\Cache), false)
#6 C:\xampp\htdocs\smart-care\public\index.php(37): CodeIgniter\CodeIgniter->run()
#7 C:\xampp\htdocs\smart-care\vendor\codeigniter4\framework\system\Commands\Server\rewrite.php(43): require_once('C:\\xampp\\htdocs...')
#8 {main}
CRITICAL - 2022-06-28 00:35:51 -->  route cannot be found while reverse-routing.
#0 C:\xampp\htdocs\smart-care\vendor\codeigniter4\framework\system\HTTP\RedirectResponse.php(56): CodeIgniter\HTTP\Exceptions\HTTPException::forInvalidRedirectRoute('')
#1 C:\xampp\htdocs\smart-care\vendor\codeigniter4\framework\system\Common.php(832): CodeIgniter\HTTP\RedirectResponse->route(false)
#2 C:\xampp\htdocs\smart-care\app\Controllers\SetUp.php(176): redirect('http://localhos...')
#3 C:\xampp\htdocs\smart-care\vendor\codeigniter4\framework\system\CodeIgniter.php(832): App\Controllers\SetUp->show_credentials()
#4 C:\xampp\htdocs\smart-care\vendor\codeigniter4\framework\system\CodeIgniter.php(419): CodeIgniter\CodeIgniter->runController(Object(App\Controllers\SetUp))
#5 C:\xampp\htdocs\smart-care\vendor\codeigniter4\framework\system\CodeIgniter.php(326): CodeIgniter\CodeIgniter->handleRequest(NULL, Object(Config\Cache), false)
#6 C:\xampp\htdocs\smart-care\public\index.php(37): CodeIgniter\CodeIgniter->run()
#7 C:\xampp\htdocs\smart-care\vendor\codeigniter4\framework\system\Commands\Server\rewrite.php(43): require_once('C:\\xampp\\htdocs...')
#8 {main}
CRITICAL - 2022-06-28 00:36:41 -->  route cannot be found while reverse-routing.
#0 C:\xampp\htdocs\smart-care\vendor\codeigniter4\framework\system\HTTP\RedirectResponse.php(56): CodeIgniter\HTTP\Exceptions\HTTPException::forInvalidRedirectRoute('')
#1 C:\xampp\htdocs\smart-care\vendor\codeigniter4\framework\system\Common.php(832): CodeIgniter\HTTP\RedirectResponse->route(false)
#2 C:\xampp\htdocs\smart-care\app\Controllers\SetUp.php(176): redirect('http://localhos...')
#3 C:\xampp\htdocs\smart-care\vendor\codeigniter4\framework\system\CodeIgniter.php(832): App\Controllers\SetUp->show_credentials()
#4 C:\xampp\htdocs\smart-care\vendor\codeigniter4\framework\system\CodeIgniter.php(419): CodeIgniter\CodeIgniter->runController(Object(App\Controllers\SetUp))
#5 C:\xampp\htdocs\smart-care\vendor\codeigniter4\framework\system\CodeIgniter.php(326): CodeIgniter\CodeIgniter->handleRequest(NULL, Object(Config\Cache), false)
#6 C:\xampp\htdocs\smart-care\public\index.php(37): CodeIgniter\CodeIgniter->run()
#7 C:\xampp\htdocs\smart-care\vendor\codeigniter4\framework\system\Commands\Server\rewrite.php(43): require_once('C:\\xampp\\htdocs...')
#8 {main}
CRITICAL - 2022-06-28 00:36:42 -->  route cannot be found while reverse-routing.
#0 C:\xampp\htdocs\smart-care\vendor\codeigniter4\framework\system\HTTP\RedirectResponse.php(56): CodeIgniter\HTTP\Exceptions\HTTPException::forInvalidRedirectRoute('')
#1 C:\xampp\htdocs\smart-care\vendor\codeigniter4\framework\system\Common.php(832): CodeIgniter\HTTP\RedirectResponse->route(false)
#2 C:\xampp\htdocs\smart-care\app\Controllers\SetUp.php(176): redirect('http://localhos...')
#3 C:\xampp\htdocs\smart-care\vendor\codeigniter4\framework\system\CodeIgniter.php(832): App\Controllers\SetUp->show_credentials()
#4 C:\xampp\htdocs\smart-care\vendor\codeigniter4\framework\system\CodeIgniter.php(419): CodeIgniter\CodeIgniter->runController(Object(App\Controllers\SetUp))
#5 C:\xampp\htdocs\smart-care\vendor\codeigniter4\framework\system\CodeIgniter.php(326): CodeIgniter\CodeIgniter->handleRequest(NULL, Object(Config\Cache), false)
#6 C:\xampp\htdocs\smart-care\public\index.php(37): CodeIgniter\CodeIgniter->run()
#7 C:\xampp\htdocs\smart-care\vendor\codeigniter4\framework\system\Commands\Server\rewrite.php(43): require_once('C:\\xampp\\htdocs...')
#8 {main}
CRITICAL - 2022-06-28 00:36:42 -->  route cannot be found while reverse-routing.
#0 C:\xampp\htdocs\smart-care\vendor\codeigniter4\framework\system\HTTP\RedirectResponse.php(56): CodeIgniter\HTTP\Exceptions\HTTPException::forInvalidRedirectRoute('')
#1 C:\xampp\htdocs\smart-care\vendor\codeigniter4\framework\system\Common.php(832): CodeIgniter\HTTP\RedirectResponse->route(false)
#2 C:\xampp\htdocs\smart-care\app\Controllers\SetUp.php(176): redirect('http://localhos...')
#3 C:\xampp\htdocs\smart-care\vendor\codeigniter4\framework\system\CodeIgniter.php(832): App\Controllers\SetUp->show_credentials()
#4 C:\xampp\htdocs\smart-care\vendor\codeigniter4\framework\system\CodeIgniter.php(419): CodeIgniter\CodeIgniter->runController(Object(App\Controllers\SetUp))
#5 C:\xampp\htdocs\smart-care\vendor\codeigniter4\framework\system\CodeIgniter.php(326): CodeIgniter\CodeIgniter->handleRequest(NULL, Object(Config\Cache), false)
#6 C:\xampp\htdocs\smart-care\public\index.php(37): CodeIgniter\CodeIgniter->run()
#7 C:\xampp\htdocs\smart-care\vendor\codeigniter4\framework\system\Commands\Server\rewrite.php(43): require_once('C:\\xampp\\htdocs...')
#8 {main}
CRITICAL - 2022-06-28 00:36:43 -->  route cannot be found while reverse-routing.
#0 C:\xampp\htdocs\smart-care\vendor\codeigniter4\framework\system\HTTP\RedirectResponse.php(56): CodeIgniter\HTTP\Exceptions\HTTPException::forInvalidRedirectRoute('')
#1 C:\xampp\htdocs\smart-care\vendor\codeigniter4\framework\system\Common.php(832): CodeIgniter\HTTP\RedirectResponse->route(false)
#2 C:\xampp\htdocs\smart-care\app\Controllers\SetUp.php(176): redirect('http://localhos...')
#3 C:\xampp\htdocs\smart-care\vendor\codeigniter4\framework\system\CodeIgniter.php(832): App\Controllers\SetUp->show_credentials()
#4 C:\xampp\htdocs\smart-care\vendor\codeigniter4\framework\system\CodeIgniter.php(419): CodeIgniter\CodeIgniter->runController(Object(App\Controllers\SetUp))
#5 C:\xampp\htdocs\smart-care\vendor\codeigniter4\framework\system\CodeIgniter.php(326): CodeIgniter\CodeIgniter->handleRequest(NULL, Object(Config\Cache), false)
#6 C:\xampp\htdocs\smart-care\public\index.php(37): CodeIgniter\CodeIgniter->run()
#7 C:\xampp\htdocs\smart-care\vendor\codeigniter4\framework\system\Commands\Server\rewrite.php(43): require_once('C:\\xampp\\htdocs...')
#8 {main}
CRITICAL - 2022-06-28 00:36:44 -->  route cannot be found while reverse-routing.
#0 C:\xampp\htdocs\smart-care\vendor\codeigniter4\framework\system\HTTP\RedirectResponse.php(56): CodeIgniter\HTTP\Exceptions\HTTPException::forInvalidRedirectRoute('')
#1 C:\xampp\htdocs\smart-care\vendor\codeigniter4\framework\system\Common.php(832): CodeIgniter\HTTP\RedirectResponse->route(false)
#2 C:\xampp\htdocs\smart-care\app\Controllers\SetUp.php(176): redirect('http://localhos...')
#3 C:\xampp\htdocs\smart-care\vendor\codeigniter4\framework\system\CodeIgniter.php(832): App\Controllers\SetUp->show_credentials()
#4 C:\xampp\htdocs\smart-care\vendor\codeigniter4\framework\system\CodeIgniter.php(419): CodeIgniter\CodeIgniter->runController(Object(App\Controllers\SetUp))
#5 C:\xampp\htdocs\smart-care\vendor\codeigniter4\framework\system\CodeIgniter.php(326): CodeIgniter\CodeIgniter->handleRequest(NULL, Object(Config\Cache), false)
#6 C:\xampp\htdocs\smart-care\public\index.php(37): CodeIgniter\CodeIgniter->run()
#7 C:\xampp\htdocs\smart-care\vendor\codeigniter4\framework\system\Commands\Server\rewrite.php(43): require_once('C:\\xampp\\htdocs...')
#8 {main}
CRITICAL - 2022-06-28 02:09:10 --> Cannot declare class App\Controllers\ApiHospital, because the name is already in use
#0 [internal function]: CodeIgniter\Debug\Exceptions->shutdownHandler()
#1 {main}
CRITICAL - 2022-06-28 10:39:53 --> Undefined variable: validation
#0 C:\xampp\htdocs\smart-care\app\Views\apps-simrs-credential.php(48): CodeIgniter\Debug\Exceptions->errorHandler(8, 'Undefined varia...', 'C:\\xampp\\htdocs...', 48, Array)
#1 C:\xampp\htdocs\smart-care\vendor\codeigniter4\framework\system\View\View.php(210): include('C:\\xampp\\htdocs...')
#2 C:\xampp\htdocs\smart-care\vendor\codeigniter4\framework\system\View\View.php(213): CodeIgniter\View\View->CodeIgniter\View\{closure}()
#3 C:\xampp\htdocs\smart-care\vendor\codeigniter4\framework\system\Common.php(1089): CodeIgniter\View\View->render('apps-simrs-cred...', Array, true)
#4 C:\xampp\htdocs\smart-care\app\Controllers\Apps.php(43): view('apps-simrs-cred...', Array)
#5 C:\xampp\htdocs\smart-care\vendor\codeigniter4\framework\system\CodeIgniter.php(832): App\Controllers\Apps->show_simrs_credential()
#6 C:\xampp\htdocs\smart-care\vendor\codeigniter4\framework\system\CodeIgniter.php(419): CodeIgniter\CodeIgniter->runController(Object(App\Controllers\Apps))
#7 C:\xampp\htdocs\smart-care\vendor\codeigniter4\framework\system\CodeIgniter.php(326): CodeIgniter\CodeIgniter->handleRequest(NULL, Object(Config\Cache), false)
#8 C:\xampp\htdocs\smart-care\public\index.php(37): CodeIgniter\CodeIgniter->run()
#9 C:\xampp\htdocs\smart-care\vendor\codeigniter4\framework\system\Commands\Server\rewrite.php(43): require_once('C:\\xampp\\htdocs...')
#10 {main}
CRITICAL - 2022-06-28 10:40:41 --> Undefined variable: validation
#0 C:\xampp\htdocs\smart-care\app\Views\apps-simrs-credential.php(50): CodeIgniter\Debug\Exceptions->errorHandler(8, 'Undefined varia...', 'C:\\xampp\\htdocs...', 50, Array)
#1 C:\xampp\htdocs\smart-care\vendor\codeigniter4\framework\system\View\View.php(210): include('C:\\xampp\\htdocs...')
#2 C:\xampp\htdocs\smart-care\vendor\codeigniter4\framework\system\View\View.php(213): CodeIgniter\View\View->CodeIgniter\View\{closure}()
#3 C:\xampp\htdocs\smart-care\vendor\codeigniter4\framework\system\Common.php(1089): CodeIgniter\View\View->render('apps-simrs-cred...', Array, true)
#4 C:\xampp\htdocs\smart-care\app\Controllers\Apps.php(43): view('apps-simrs-cred...', Array)
#5 C:\xampp\htdocs\smart-care\vendor\codeigniter4\framework\system\CodeIgniter.php(832): App\Controllers\Apps->show_simrs_credential()
#6 C:\xampp\htdocs\smart-care\vendor\codeigniter4\framework\system\CodeIgniter.php(419): CodeIgniter\CodeIgniter->runController(Object(App\Controllers\Apps))
#7 C:\xampp\htdocs\smart-care\vendor\codeigniter4\framework\system\CodeIgniter.php(326): CodeIgniter\CodeIgniter->handleRequest(NULL, Object(Config\Cache), false)
#8 C:\xampp\htdocs\smart-care\public\index.php(37): CodeIgniter\CodeIgniter->run()
#9 C:\xampp\htdocs\smart-care\vendor\codeigniter4\framework\system\Commands\Server\rewrite.php(43): require_once('C:\\xampp\\htdocs...')
#10 {main}
CRITICAL - 2022-06-28 10:50:34 --> Undefined variable: oauth_client
#0 C:\xampp\htdocs\smart-care\app\Views\apps-simrs-credential.php(77): CodeIgniter\Debug\Exceptions->errorHandler(8, 'Undefined varia...', 'C:\\xampp\\htdocs...', 77, Array)
#1 C:\xampp\htdocs\smart-care\vendor\codeigniter4\framework\system\View\View.php(210): include('C:\\xampp\\htdocs...')
#2 C:\xampp\htdocs\smart-care\vendor\codeigniter4\framework\system\View\View.php(213): CodeIgniter\View\View->CodeIgniter\View\{closure}()
#3 C:\xampp\htdocs\smart-care\vendor\codeigniter4\framework\system\Common.php(1089): CodeIgniter\View\View->render('apps-simrs-cred...', Array, true)
#4 C:\xampp\htdocs\smart-care\app\Controllers\Apps.php(37): view('apps-simrs-cred...', Array)
#5 C:\xampp\htdocs\smart-care\vendor\codeigniter4\framework\system\CodeIgniter.php(832): App\Controllers\Apps->show_simrs_credential()
#6 C:\xampp\htdocs\smart-care\vendor\codeigniter4\framework\system\CodeIgniter.php(419): CodeIgniter\CodeIgniter->runController(Object(App\Controllers\Apps))
#7 C:\xampp\htdocs\smart-care\vendor\codeigniter4\framework\system\CodeIgniter.php(326): CodeIgniter\CodeIgniter->handleRequest(NULL, Object(Config\Cache), false)
#8 C:\xampp\htdocs\smart-care\public\index.php(37): CodeIgniter\CodeIgniter->run()
#9 C:\xampp\htdocs\smart-care\vendor\codeigniter4\framework\system\Commands\Server\rewrite.php(43): require_once('C:\\xampp\\htdocs...')
#10 {main}
CRITICAL - 2022-06-28 10:51:05 --> Undefined variable: oauth_client
#0 C:\xampp\htdocs\smart-care\app\Views\apps-simrs-credential.php(77): CodeIgniter\Debug\Exceptions->errorHandler(8, 'Undefined varia...', 'C:\\xampp\\htdocs...', 77, Array)
#1 C:\xampp\htdocs\smart-care\vendor\codeigniter4\framework\system\View\View.php(210): include('C:\\xampp\\htdocs...')
#2 C:\xampp\htdocs\smart-care\vendor\codeigniter4\framework\system\View\View.php(213): CodeIgniter\View\View->CodeIgniter\View\{closure}()
#3 C:\xampp\htdocs\smart-care\vendor\codeigniter4\framework\system\Common.php(1089): CodeIgniter\View\View->render('apps-simrs-cred...', Array, true)
#4 C:\xampp\htdocs\smart-care\app\Controllers\Apps.php(37): view('apps-simrs-cred...', Array)
#5 C:\xampp\htdocs\smart-care\vendor\codeigniter4\framework\system\CodeIgniter.php(832): App\Controllers\Apps->show_simrs_credential()
#6 C:\xampp\htdocs\smart-care\vendor\codeigniter4\framework\system\CodeIgniter.php(419): CodeIgniter\CodeIgniter->runController(Object(App\Controllers\Apps))
#7 C:\xampp\htdocs\smart-care\vendor\codeigniter4\framework\system\CodeIgniter.php(326): CodeIgniter\CodeIgniter->handleRequest(NULL, Object(Config\Cache), false)
#8 C:\xampp\htdocs\smart-care\public\index.php(37): CodeIgniter\CodeIgniter->run()
#9 C:\xampp\htdocs\smart-care\vendor\codeigniter4\framework\system\Commands\Server\rewrite.php(43): require_once('C:\\xampp\\htdocs...')
#10 {main}
CRITICAL - 2022-06-28 10:53:18 --> Undefined property: stdClass::$grant_types
#0 C:\xampp\htdocs\smart-care\app\Views\apps-simrs-credential.php(91): CodeIgniter\Debug\Exceptions->errorHandler(8, 'Undefined prope...', 'C:\\xampp\\htdocs...', 91, Array)
#1 C:\xampp\htdocs\smart-care\vendor\codeigniter4\framework\system\View\View.php(210): include('C:\\xampp\\htdocs...')
#2 C:\xampp\htdocs\smart-care\vendor\codeigniter4\framework\system\View\View.php(213): CodeIgniter\View\View->CodeIgniter\View\{closure}()
#3 C:\xampp\htdocs\smart-care\vendor\codeigniter4\framework\system\Common.php(1089): CodeIgniter\View\View->render('apps-simrs-cred...', Array, true)
#4 C:\xampp\htdocs\smart-care\app\Controllers\Apps.php(37): view('apps-simrs-cred...', Array)
#5 C:\xampp\htdocs\smart-care\vendor\codeigniter4\framework\system\CodeIgniter.php(832): App\Controllers\Apps->show_simrs_credential()
#6 C:\xampp\htdocs\smart-care\vendor\codeigniter4\framework\system\CodeIgniter.php(419): CodeIgniter\CodeIgniter->runController(Object(App\Controllers\Apps))
#7 C:\xampp\htdocs\smart-care\vendor\codeigniter4\framework\system\CodeIgniter.php(326): CodeIgniter\CodeIgniter->handleRequest(NULL, Object(Config\Cache), false)
#8 C:\xampp\htdocs\smart-care\public\index.php(37): CodeIgniter\CodeIgniter->run()
#9 C:\xampp\htdocs\smart-care\vendor\codeigniter4\framework\system\Commands\Server\rewrite.php(43): require_once('C:\\xampp\\htdocs...')
#10 {main}
CRITICAL - 2022-06-28 11:04:03 --> Undefined variable: hospital
#0 C:\xampp\htdocs\smart-care\app\Controllers\Apps.php(55): CodeIgniter\Debug\Exceptions->errorHandler(8, 'Undefined varia...', 'C:\\xampp\\htdocs...', 55, Array)
#1 C:\xampp\htdocs\smart-care\vendor\codeigniter4\framework\system\CodeIgniter.php(832): App\Controllers\Apps->show_my_credential()
#2 C:\xampp\htdocs\smart-care\vendor\codeigniter4\framework\system\CodeIgniter.php(419): CodeIgniter\CodeIgniter->runController(Object(App\Controllers\Apps))
#3 C:\xampp\htdocs\smart-care\vendor\codeigniter4\framework\system\CodeIgniter.php(326): CodeIgniter\CodeIgniter->handleRequest(NULL, Object(Config\Cache), false)
#4 C:\xampp\htdocs\smart-care\public\index.php(37): CodeIgniter\CodeIgniter->run()
#5 C:\xampp\htdocs\smart-care\vendor\codeigniter4\framework\system\Commands\Server\rewrite.php(43): require_once('C:\\xampp\\htdocs...')
#6 {main}
CRITICAL - 2022-06-28 11:20:00 --> Undefined property: App\Controllers\Profile::$db
#0 C:\xampp\htdocs\smart-care\app\Controllers\Profile.php(10): CodeIgniter\Debug\Exceptions->errorHandler(8, 'Undefined prope...', 'C:\\xampp\\htdocs...', 10, Array)
#1 C:\xampp\htdocs\smart-care\vendor\codeigniter4\framework\system\CodeIgniter.php(832): App\Controllers\Profile->index()
#2 C:\xampp\htdocs\smart-care\vendor\codeigniter4\framework\system\CodeIgniter.php(419): CodeIgniter\CodeIgniter->runController(Object(App\Controllers\Profile))
#3 C:\xampp\htdocs\smart-care\vendor\codeigniter4\framework\system\CodeIgniter.php(326): CodeIgniter\CodeIgniter->handleRequest(NULL, Object(Config\Cache), false)
#4 C:\xampp\htdocs\smart-care\public\index.php(37): CodeIgniter\CodeIgniter->run()
#5 C:\xampp\htdocs\smart-care\vendor\codeigniter4\framework\system\Commands\Server\rewrite.php(43): require_once('C:\\xampp\\htdocs...')
#6 {main}
CRITICAL - 2022-06-28 11:20:41 --> Undefined property: App\Controllers\Profile::$loginModel
#0 C:\xampp\htdocs\smart-care\app\Controllers\Profile.php(36): CodeIgniter\Debug\Exceptions->errorHandler(8, 'Undefined prope...', 'C:\\xampp\\htdocs...', 36, Array)
#1 C:\xampp\htdocs\smart-care\vendor\codeigniter4\framework\system\CodeIgniter.php(832): App\Controllers\Profile->index()
#2 C:\xampp\htdocs\smart-care\vendor\codeigniter4\framework\system\CodeIgniter.php(419): CodeIgniter\CodeIgniter->runController(Object(App\Controllers\Profile))
#3 C:\xampp\htdocs\smart-care\vendor\codeigniter4\framework\system\CodeIgniter.php(326): CodeIgniter\CodeIgniter->handleRequest(NULL, Object(Config\Cache), false)
#4 C:\xampp\htdocs\smart-care\public\index.php(37): CodeIgniter\CodeIgniter->run()
#5 C:\xampp\htdocs\smart-care\vendor\codeigniter4\framework\system\Commands\Server\rewrite.php(43): require_once('C:\\xampp\\htdocs...')
#6 {main}
CRITICAL - 2022-06-28 17:54:00 --> Undefined property: App\Controllers\Profile::$usersModel
#0 C:\xampp\htdocs\smart-care\app\Controllers\Profile.php(131): CodeIgniter\Debug\Exceptions->errorHandler(8, 'Undefined prope...', 'C:\\xampp\\htdocs...', 131, Array)
#1 C:\xampp\htdocs\smart-care\vendor\codeigniter4\framework\system\CodeIgniter.php(832): App\Controllers\Profile->process_edit_user()
#2 C:\xampp\htdocs\smart-care\vendor\codeigniter4\framework\system\CodeIgniter.php(419): CodeIgniter\CodeIgniter->runController(Object(App\Controllers\Profile))
#3 C:\xampp\htdocs\smart-care\vendor\codeigniter4\framework\system\CodeIgniter.php(326): CodeIgniter\CodeIgniter->handleRequest(NULL, Object(Config\Cache), false)
#4 C:\xampp\htdocs\smart-care\public\index.php(37): CodeIgniter\CodeIgniter->run()
#5 C:\xampp\htdocs\smart-care\vendor\codeigniter4\framework\system\Commands\Server\rewrite.php(43): require_once('C:\\xampp\\htdocs...')
#6 {main}
CRITICAL - 2022-06-28 20:50:17 --> Undefined variable: access_history
#0 C:\xampp\htdocs\smart-care\app\Views\hospital-index.php(69): CodeIgniter\Debug\Exceptions->errorHandler(8, 'Undefined varia...', 'C:\\xampp\\htdocs...', 69, Array)
#1 C:\xampp\htdocs\smart-care\vendor\codeigniter4\framework\system\View\View.php(210): include('C:\\xampp\\htdocs...')
#2 C:\xampp\htdocs\smart-care\vendor\codeigniter4\framework\system\View\View.php(213): CodeIgniter\View\View->CodeIgniter\View\{closure}()
#3 C:\xampp\htdocs\smart-care\vendor\codeigniter4\framework\system\Common.php(1089): CodeIgniter\View\View->render('hospital-index', Array, true)
#4 C:\xampp\htdocs\smart-care\app\Controllers\Admin.php(30): view('hospital-index', Array)
#5 C:\xampp\htdocs\smart-care\vendor\codeigniter4\framework\system\CodeIgniter.php(832): App\Controllers\Admin->show_hospital()
#6 C:\xampp\htdocs\smart-care\vendor\codeigniter4\framework\system\CodeIgniter.php(419): CodeIgniter\CodeIgniter->runController(Object(App\Controllers\Admin))
#7 C:\xampp\htdocs\smart-care\vendor\codeigniter4\framework\system\CodeIgniter.php(326): CodeIgniter\CodeIgniter->handleRequest(NULL, Object(Config\Cache), false)
#8 C:\xampp\htdocs\smart-care\public\index.php(37): CodeIgniter\CodeIgniter->run()
#9 C:\xampp\htdocs\smart-care\vendor\codeigniter4\framework\system\Commands\Server\rewrite.php(43): require_once('C:\\xampp\\htdocs...')
#10 {main}
CRITICAL - 2022-06-28 20:54:51 --> Undefined variable: hospital
#0 C:\xampp\htdocs\smart-care\app\Views\hospital-index.php(72): CodeIgniter\Debug\Exceptions->errorHandler(8, 'Undefined varia...', 'C:\\xampp\\htdocs...', 72, Array)
#1 C:\xampp\htdocs\smart-care\vendor\codeigniter4\framework\system\View\View.php(210): include('C:\\xampp\\htdocs...')
#2 C:\xampp\htdocs\smart-care\vendor\codeigniter4\framework\system\View\View.php(213): CodeIgniter\View\View->CodeIgniter\View\{closure}()
#3 C:\xampp\htdocs\smart-care\vendor\codeigniter4\framework\system\Common.php(1089): CodeIgniter\View\View->render('hospital-index', Array, true)
#4 C:\xampp\htdocs\smart-care\app\Controllers\Admin.php(33): view('hospital-index', Array)
#5 C:\xampp\htdocs\smart-care\vendor\codeigniter4\framework\system\CodeIgniter.php(832): App\Controllers\Admin->show_hospital()
#6 C:\xampp\htdocs\smart-care\vendor\codeigniter4\framework\system\CodeIgniter.php(419): CodeIgniter\CodeIgniter->runController(Object(App\Controllers\Admin))
#7 C:\xampp\htdocs\smart-care\vendor\codeigniter4\framework\system\CodeIgniter.php(326): CodeIgniter\CodeIgniter->handleRequest(NULL, Object(Config\Cache), false)
#8 C:\xampp\htdocs\smart-care\public\index.php(37): CodeIgniter\CodeIgniter->run()
#9 C:\xampp\htdocs\smart-care\vendor\codeigniter4\framework\system\Commands\Server\rewrite.php(43): require_once('C:\\xampp\\htdocs...')
#10 {main}
CRITICAL - 2022-06-28 21:07:25 --> Undefined variable: mrn
#0 C:\xampp\htdocs\smart-care\app\Views\hospital-index.php(56): CodeIgniter\Debug\Exceptions->errorHandler(8, 'Undefined varia...', 'C:\\xampp\\htdocs...', 56, Array)
#1 C:\xampp\htdocs\smart-care\vendor\codeigniter4\framework\system\View\View.php(210): include('C:\\xampp\\htdocs...')
#2 C:\xampp\htdocs\smart-care\vendor\codeigniter4\framework\system\View\View.php(213): CodeIgniter\View\View->CodeIgniter\View\{closure}()
#3 C:\xampp\htdocs\smart-care\vendor\codeigniter4\framework\system\Common.php(1089): CodeIgniter\View\View->render('hospital-index', Array, true)
#4 C:\xampp\htdocs\smart-care\app\Controllers\Admin.php(33): view('hospital-index', Array)
#5 C:\xampp\htdocs\smart-care\vendor\codeigniter4\framework\system\CodeIgniter.php(832): App\Controllers\Admin->show_hospital()
#6 C:\xampp\htdocs\smart-care\vendor\codeigniter4\framework\system\CodeIgniter.php(419): CodeIgniter\CodeIgniter->runController(Object(App\Controllers\Admin))
#7 C:\xampp\htdocs\smart-care\vendor\codeigniter4\framework\system\CodeIgniter.php(326): CodeIgniter\CodeIgniter->handleRequest(NULL, Object(Config\Cache), false)
#8 C:\xampp\htdocs\smart-care\public\index.php(37): CodeIgniter\CodeIgniter->run()
#9 C:\xampp\htdocs\smart-care\vendor\codeigniter4\framework\system\Commands\Server\rewrite.php(43): require_once('C:\\xampp\\htdocs...')
#10 {main}
CRITICAL - 2022-06-28 21:25:25 --> Argument 2 passed to CodeIgniter\Database\BaseBuilder::like() must be of the type string, null given, called in C:\xampp\htdocs\smart-care\app\Controllers\Admin.php on line 33
#0 C:\xampp\htdocs\smart-care\app\Controllers\Admin.php(33): CodeIgniter\Database\BaseBuilder->like('id_hospital', NULL)
#1 C:\xampp\htdocs\smart-care\vendor\codeigniter4\framework\system\CodeIgniter.php(832): App\Controllers\Admin->show_hospital()
#2 C:\xampp\htdocs\smart-care\vendor\codeigniter4\framework\system\CodeIgniter.php(419): CodeIgniter\CodeIgniter->runController(Object(App\Controllers\Admin))
#3 C:\xampp\htdocs\smart-care\vendor\codeigniter4\framework\system\CodeIgniter.php(326): CodeIgniter\CodeIgniter->handleRequest(NULL, Object(Config\Cache), false)
#4 C:\xampp\htdocs\smart-care\public\index.php(37): CodeIgniter\CodeIgniter->run()
#5 C:\xampp\htdocs\smart-care\vendor\codeigniter4\framework\system\Commands\Server\rewrite.php(43): require_once('C:\\xampp\\htdocs...')
#6 {main}
CRITICAL - 2022-06-28 21:27:21 --> Undefined variable: id_hospital
#0 C:\xampp\htdocs\smart-care\app\Views\hospital-index.php(56): CodeIgniter\Debug\Exceptions->errorHandler(8, 'Undefined varia...', 'C:\\xampp\\htdocs...', 56, Array)
#1 C:\xampp\htdocs\smart-care\vendor\codeigniter4\framework\system\View\View.php(210): include('C:\\xampp\\htdocs...')
#2 C:\xampp\htdocs\smart-care\vendor\codeigniter4\framework\system\View\View.php(213): CodeIgniter\View\View->CodeIgniter\View\{closure}()
#3 C:\xampp\htdocs\smart-care\vendor\codeigniter4\framework\system\Common.php(1089): CodeIgniter\View\View->render('hospital-index', Array, true)
#4 C:\xampp\htdocs\smart-care\app\Controllers\Admin.php(45): view('hospital-index', Array)
#5 C:\xampp\htdocs\smart-care\vendor\codeigniter4\framework\system\CodeIgniter.php(832): App\Controllers\Admin->show_hospital()
#6 C:\xampp\htdocs\smart-care\vendor\codeigniter4\framework\system\CodeIgniter.php(419): CodeIgniter\CodeIgniter->runController(Object(App\Controllers\Admin))
#7 C:\xampp\htdocs\smart-care\vendor\codeigniter4\framework\system\CodeIgniter.php(326): CodeIgniter\CodeIgniter->handleRequest(NULL, Object(Config\Cache), false)
#8 C:\xampp\htdocs\smart-care\public\index.php(37): CodeIgniter\CodeIgniter->run()
#9 C:\xampp\htdocs\smart-care\vendor\codeigniter4\framework\system\Commands\Server\rewrite.php(43): require_once('C:\\xampp\\htdocs...')
#10 {main}
CRITICAL - 2022-06-28 21:27:48 --> Undefined variable: id_hospital
#0 C:\xampp\htdocs\smart-care\app\Controllers\Admin.php(43): CodeIgniter\Debug\Exceptions->errorHandler(8, 'Undefined varia...', 'C:\\xampp\\htdocs...', 43, Array)
#1 C:\xampp\htdocs\smart-care\vendor\codeigniter4\framework\system\CodeIgniter.php(832): App\Controllers\Admin->show_hospital()
#2 C:\xampp\htdocs\smart-care\vendor\codeigniter4\framework\system\CodeIgniter.php(419): CodeIgniter\CodeIgniter->runController(Object(App\Controllers\Admin))
#3 C:\xampp\htdocs\smart-care\vendor\codeigniter4\framework\system\CodeIgniter.php(326): CodeIgniter\CodeIgniter->handleRequest(NULL, Object(Config\Cache), false)
#4 C:\xampp\htdocs\smart-care\public\index.php(37): CodeIgniter\CodeIgniter->run()
#5 C:\xampp\htdocs\smart-care\vendor\codeigniter4\framework\system\Commands\Server\rewrite.php(43): require_once('C:\\xampp\\htdocs...')
#6 {main}
CRITICAL - 2022-06-28 21:31:48 --> Argument 2 passed to CodeIgniter\Database\BaseBuilder::like() must be of the type string, null given, called in C:\xampp\htdocs\smart-care\app\Controllers\Admin.php on line 33
#0 C:\xampp\htdocs\smart-care\app\Controllers\Admin.php(33): CodeIgniter\Database\BaseBuilder->like('id_hospital', NULL)
#1 C:\xampp\htdocs\smart-care\vendor\codeigniter4\framework\system\CodeIgniter.php(832): App\Controllers\Admin->show_hospital()
#2 C:\xampp\htdocs\smart-care\vendor\codeigniter4\framework\system\CodeIgniter.php(419): CodeIgniter\CodeIgniter->runController(Object(App\Controllers\Admin))
#3 C:\xampp\htdocs\smart-care\vendor\codeigniter4\framework\system\CodeIgniter.php(326): CodeIgniter\CodeIgniter->handleRequest(NULL, Object(Config\Cache), false)
#4 C:\xampp\htdocs\smart-care\public\index.php(37): CodeIgniter\CodeIgniter->run()
#5 C:\xampp\htdocs\smart-care\vendor\codeigniter4\framework\system\Commands\Server\rewrite.php(43): require_once('C:\\xampp\\htdocs...')
#6 {main}
CRITICAL - 2022-06-28 21:41:26 --> Undefined variable: validation
#0 C:\xampp\htdocs\smart-care\app\Views\hospital-index.php(133): CodeIgniter\Debug\Exceptions->errorHandler(8, 'Undefined varia...', 'C:\\xampp\\htdocs...', 133, Array)
#1 C:\xampp\htdocs\smart-care\vendor\codeigniter4\framework\system\View\View.php(210): include('C:\\xampp\\htdocs...')
#2 C:\xampp\htdocs\smart-care\vendor\codeigniter4\framework\system\View\View.php(213): CodeIgniter\View\View->CodeIgniter\View\{closure}()
#3 C:\xampp\htdocs\smart-care\vendor\codeigniter4\framework\system\Common.php(1089): CodeIgniter\View\View->render('hospital-index', Array, true)
#4 C:\xampp\htdocs\smart-care\app\Controllers\Admin.php(47): view('hospital-index', Array)
#5 C:\xampp\htdocs\smart-care\vendor\codeigniter4\framework\system\CodeIgniter.php(832): App\Controllers\Admin->show_hospital()
#6 C:\xampp\htdocs\smart-care\vendor\codeigniter4\framework\system\CodeIgniter.php(419): CodeIgniter\CodeIgniter->runController(Object(App\Controllers\Admin))
#7 C:\xampp\htdocs\smart-care\vendor\codeigniter4\framework\system\CodeIgniter.php(326): CodeIgniter\CodeIgniter->handleRequest(NULL, Object(Config\Cache), false)
#8 C:\xampp\htdocs\smart-care\public\index.php(37): CodeIgniter\CodeIgniter->run()
#9 C:\xampp\htdocs\smart-care\vendor\codeigniter4\framework\system\Commands\Server\rewrite.php(43): require_once('C:\\xampp\\htdocs...')
#10 {main}
CRITICAL - 2022-06-28 21:51:27 --> Cannot use object of type stdClass as array
#0 C:\xampp\htdocs\smart-care\vendor\codeigniter4\framework\system\View\View.php(210): include()
#1 C:\xampp\htdocs\smart-care\vendor\codeigniter4\framework\system\View\View.php(213): CodeIgniter\View\View->CodeIgniter\View\{closure}()
#2 C:\xampp\htdocs\smart-care\vendor\codeigniter4\framework\system\Common.php(1089): CodeIgniter\View\View->render('hospital-index', Array, true)
#3 C:\xampp\htdocs\smart-care\app\Controllers\Admin.php(48): view('hospital-index', Array)
#4 C:\xampp\htdocs\smart-care\vendor\codeigniter4\framework\system\CodeIgniter.php(832): App\Controllers\Admin->show_hospital()
#5 C:\xampp\htdocs\smart-care\vendor\codeigniter4\framework\system\CodeIgniter.php(419): CodeIgniter\CodeIgniter->runController(Object(App\Controllers\Admin))
#6 C:\xampp\htdocs\smart-care\vendor\codeigniter4\framework\system\CodeIgniter.php(326): CodeIgniter\CodeIgniter->handleRequest(NULL, Object(Config\Cache), false)
#7 C:\xampp\htdocs\smart-care\public\index.php(37): CodeIgniter\CodeIgniter->run()
#8 C:\xampp\htdocs\smart-care\vendor\codeigniter4\framework\system\Commands\Server\rewrite.php(43): require_once('C:\\xampp\\htdocs...')
#9 {main}
CRITICAL - 2022-06-28 21:51:42 --> Cannot use object of type stdClass as array
#0 C:\xampp\htdocs\smart-care\vendor\codeigniter4\framework\system\View\View.php(210): include()
#1 C:\xampp\htdocs\smart-care\vendor\codeigniter4\framework\system\View\View.php(213): CodeIgniter\View\View->CodeIgniter\View\{closure}()
#2 C:\xampp\htdocs\smart-care\vendor\codeigniter4\framework\system\Common.php(1089): CodeIgniter\View\View->render('hospital-index', Array, true)
#3 C:\xampp\htdocs\smart-care\app\Controllers\Admin.php(48): view('hospital-index', Array)
#4 C:\xampp\htdocs\smart-care\vendor\codeigniter4\framework\system\CodeIgniter.php(832): App\Controllers\Admin->show_hospital()
#5 C:\xampp\htdocs\smart-care\vendor\codeigniter4\framework\system\CodeIgniter.php(419): CodeIgniter\CodeIgniter->runController(Object(App\Controllers\Admin))
#6 C:\xampp\htdocs\smart-care\vendor\codeigniter4\framework\system\CodeIgniter.php(326): CodeIgniter\CodeIgniter->handleRequest(NULL, Object(Config\Cache), false)
#7 C:\xampp\htdocs\smart-care\public\index.php(37): CodeIgniter\CodeIgniter->run()
#8 C:\xampp\htdocs\smart-care\vendor\codeigniter4\framework\system\Commands\Server\rewrite.php(43): require_once('C:\\xampp\\htdocs...')
#9 {main}
CRITICAL - 2022-06-28 22:31:56 --> Undefined variable: hospital
#0 C:\xampp\htdocs\smart-care\app\Views\hospital-edit-hospital.php(37): CodeIgniter\Debug\Exceptions->errorHandler(8, 'Undefined varia...', 'C:\\xampp\\htdocs...', 37, Array)
#1 C:\xampp\htdocs\smart-care\vendor\codeigniter4\framework\system\View\View.php(210): include('C:\\xampp\\htdocs...')
#2 C:\xampp\htdocs\smart-care\vendor\codeigniter4\framework\system\View\View.php(213): CodeIgniter\View\View->CodeIgniter\View\{closure}()
#3 C:\xampp\htdocs\smart-care\vendor\codeigniter4\framework\system\Common.php(1089): CodeIgniter\View\View->render('hospital-edit-h...', Array, true)
#4 C:\xampp\htdocs\smart-care\app\Controllers\Admin.php(62): view('hospital-edit-h...', Array)
#5 C:\xampp\htdocs\smart-care\vendor\codeigniter4\framework\system\CodeIgniter.php(832): App\Controllers\Admin->show_edit_hospital('3')
#6 C:\xampp\htdocs\smart-care\vendor\codeigniter4\framework\system\CodeIgniter.php(419): CodeIgniter\CodeIgniter->runController(Object(App\Controllers\Admin))
#7 C:\xampp\htdocs\smart-care\vendor\codeigniter4\framework\system\CodeIgniter.php(326): CodeIgniter\CodeIgniter->handleRequest(NULL, Object(Config\Cache), false)
#8 C:\xampp\htdocs\smart-care\public\index.php(37): CodeIgniter\CodeIgniter->run()
#9 C:\xampp\htdocs\smart-care\vendor\codeigniter4\framework\system\Commands\Server\rewrite.php(43): require_once('C:\\xampp\\htdocs...')
#10 {main}
CRITICAL - 2022-06-28 22:32:04 --> Undefined variable: hospital
#0 C:\xampp\htdocs\smart-care\app\Views\hospital-edit-hospital.php(37): CodeIgniter\Debug\Exceptions->errorHandler(8, 'Undefined varia...', 'C:\\xampp\\htdocs...', 37, Array)
#1 C:\xampp\htdocs\smart-care\vendor\codeigniter4\framework\system\View\View.php(210): include('C:\\xampp\\htdocs...')
#2 C:\xampp\htdocs\smart-care\vendor\codeigniter4\framework\system\View\View.php(213): CodeIgniter\View\View->CodeIgniter\View\{closure}()
#3 C:\xampp\htdocs\smart-care\vendor\codeigniter4\framework\system\Common.php(1089): CodeIgniter\View\View->render('hospital-edit-h...', Array, true)
#4 C:\xampp\htdocs\smart-care\app\Controllers\Admin.php(62): view('hospital-edit-h...', Array)
#5 C:\xampp\htdocs\smart-care\vendor\codeigniter4\framework\system\CodeIgniter.php(832): App\Controllers\Admin->show_edit_hospital('4')
#6 C:\xampp\htdocs\smart-care\vendor\codeigniter4\framework\system\CodeIgniter.php(419): CodeIgniter\CodeIgniter->runController(Object(App\Controllers\Admin))
#7 C:\xampp\htdocs\smart-care\vendor\codeigniter4\framework\system\CodeIgniter.php(326): CodeIgniter\CodeIgniter->handleRequest(NULL, Object(Config\Cache), false)
#8 C:\xampp\htdocs\smart-care\public\index.php(37): CodeIgniter\CodeIgniter->run()
#9 C:\xampp\htdocs\smart-care\vendor\codeigniter4\framework\system\Commands\Server\rewrite.php(43): require_once('C:\\xampp\\htdocs...')
#10 {main}
CRITICAL - 2022-06-28 23:21:17 --> Undefined variable: uri
#0 C:\xampp\htdocs\smart-care\app\Views\partials\sidebar.php(63): CodeIgniter\Debug\Exceptions->errorHandler(8, 'Undefined varia...', 'C:\\xampp\\htdocs...', 63, Array)
#1 C:\xampp\htdocs\smart-care\vendor\codeigniter4\framework\system\View\View.php(210): include('C:\\xampp\\htdocs...')
#2 C:\xampp\htdocs\smart-care\vendor\codeigniter4\framework\system\View\View.php(213): CodeIgniter\View\View->CodeIgniter\View\{closure}()
#3 C:\xampp\htdocs\smart-care\vendor\codeigniter4\framework\system\View\View.php(424): CodeIgniter\View\View->render('partials/sideba...', NULL, true)
#4 C:\xampp\htdocs\smart-care\app\Views\partials\menu.php(3): CodeIgniter\View\View->include('partials/sideba...')
#5 C:\xampp\htdocs\smart-care\vendor\codeigniter4\framework\system\View\View.php(210): include('C:\\xampp\\htdocs...')
#6 C:\xampp\htdocs\smart-care\vendor\codeigniter4\framework\system\View\View.php(213): CodeIgniter\View\View->CodeIgniter\View\{closure}()
#7 C:\xampp\htdocs\smart-care\vendor\codeigniter4\framework\system\View\View.php(424): CodeIgniter\View\View->render('partials/menu', NULL, true)
#8 C:\xampp\htdocs\smart-care\app\Views\hospital-edit-hospital.php(25): CodeIgniter\View\View->include('partials/menu')
#9 C:\xampp\htdocs\smart-care\vendor\codeigniter4\framework\system\View\View.php(210): include('C:\\xampp\\htdocs...')
#10 C:\xampp\htdocs\smart-care\vendor\codeigniter4\framework\system\View\View.php(213): CodeIgniter\View\View->CodeIgniter\View\{closure}()
#11 C:\xampp\htdocs\smart-care\vendor\codeigniter4\framework\system\Common.php(1089): CodeIgniter\View\View->render('hospital-edit-h...', Array, true)
#12 C:\xampp\htdocs\smart-care\app\Controllers\Admin.php(62): view('hospital-edit-h...', Array)
#13 C:\xampp\htdocs\smart-care\vendor\codeigniter4\framework\system\CodeIgniter.php(832): App\Controllers\Admin->show_edit_hospital('4')
#14 C:\xampp\htdocs\smart-care\vendor\codeigniter4\framework\system\CodeIgniter.php(419): CodeIgniter\CodeIgniter->runController(Object(App\Controllers\Admin))
#15 C:\xampp\htdocs\smart-care\vendor\codeigniter4\framework\system\CodeIgniter.php(326): CodeIgniter\CodeIgniter->handleRequest(NULL, Object(Config\Cache), false)
#16 C:\xampp\htdocs\smart-care\public\index.php(37): CodeIgniter\CodeIgniter->run()
#17 C:\xampp\htdocs\smart-care\vendor\codeigniter4\framework\system\Commands\Server\rewrite.php(43): require_once('C:\\xampp\\htdocs...')
#18 {main}
